0 info it worked if it ends with ok
1 verbose cli [ 'C:\\Setup\\node-v6.10.0-win-x64\\node.exe',
1 verbose cli   'C:\\Setup\\node-v6.10.0-win-x64\\node_modules\\npm\\bin\\npm-cli.js',
1 verbose cli   'run',
1 verbose cli   'test' ]
2 info using npm@3.10.10
3 info using node@v6.10.0
4 verbose run-script [ 'pretest', 'test', 'posttest' ]
5 info lifecycle lesson-on-coding-angular-webpack@1.0.0~pretest: lesson-on-coding-angular-webpack@1.0.0
6 silly lifecycle lesson-on-coding-angular-webpack@1.0.0~pretest: no script for pretest, continuing
7 info lifecycle lesson-on-coding-angular-webpack@1.0.0~test: lesson-on-coding-angular-webpack@1.0.0
8 verbose lifecycle lesson-on-coding-angular-webpack@1.0.0~test: unsafe-perm in lifecycle true
9 verbose lifecycle lesson-on-coding-angular-webpack@1.0.0~test: PATH: C:\Setup\node-v6.10.0-win-x64\node_modules\npm\bin\node-gyp-bin;C:\Users\victi\angular_sample\angular_sample\node_modules\.bin;C:\WINDOWS\system32;C:\WINDOWS;C:\WINDOWS\System32\Wbem;C:\WINDOWS\System32\WindowsPowerShell\v1.0\;C:\Program Files\Git\cmd;C:\Program Files\Heroku\bin;C:\Users\victi\AppData\Local\Microsoft\WindowsApps;C:\Setup\node-v6.10.0-win-x64;C:\Program Files\Heroku\bin;
10 verbose lifecycle lesson-on-coding-angular-webpack@1.0.0~test: CWD: C:\Users\victi\angular_sample\angular_sample
11 silly lifecycle lesson-on-coding-angular-webpack@1.0.0~test: Args: [ '/d /s /c', 'karma start' ]
12 silly lifecycle lesson-on-coding-angular-webpack@1.0.0~test: Returned: code: 1  signal: null
13 info lifecycle lesson-on-coding-angular-webpack@1.0.0~test: Failed to exec test script
14 verbose stack Error: lesson-on-coding-angular-webpack@1.0.0 test: `karma start`
14 verbose stack Exit status 1
14 verbose stack     at EventEmitter.<anonymous> (C:\Setup\node-v6.10.0-win-x64\node_modules\npm\lib\utils\lifecycle.js:255:16)
14 verbose stack     at emitTwo (events.js:106:13)
14 verbose stack     at EventEmitter.emit (events.js:191:7)
14 verbose stack     at ChildProcess.<anonymous> (C:\Setup\node-v6.10.0-win-x64\node_modules\npm\lib\utils\spawn.js:40:14)
14 verbose stack     at emitTwo (events.js:106:13)
14 verbose stack     at ChildProcess.emit (events.js:191:7)
14 verbose stack     at maybeClose (internal/child_process.js:877:16)
14 verbose stack     at Process.ChildProcess._handle.onexit (internal/child_process.js:226:5)
15 verbose pkgid lesson-on-coding-angular-webpack@1.0.0
16 verbose cwd C:\Users\victi\angular_sample\angular_sample
17 error Windows_NT 10.0.16299
18 error argv "C:\\Setup\\node-v6.10.0-win-x64\\node.exe" "C:\\Setup\\node-v6.10.0-win-x64\\node_modules\\npm\\bin\\npm-cli.js" "run" "test"
19 error node v6.10.0
20 error npm  v3.10.10
21 error code ELIFECYCLE
22 error lesson-on-coding-angular-webpack@1.0.0 test: `karma start`
22 error Exit status 1
23 error Failed at the lesson-on-coding-angular-webpack@1.0.0 test script 'karma start'.
23 error Make sure you have the latest version of node.js and npm installed.
23 error If you do, this is most likely a problem with the lesson-on-coding-angular-webpack package,
23 error not with npm itself.
23 error Tell the author that this fails on your system:
23 error     karma start
23 error You can get information on how to open an issue for this project with:
23 error     npm bugs lesson-on-coding-angular-webpack
23 error Or if that isn't available, you can get their info via:
23 error     npm owner ls lesson-on-coding-angular-webpack
23 error There is likely additional logging output above.
24 verbose exit [ 1, true ]
